[0528/165700.184:WARNING:process_reader_win.cc(156)] Thread 15428 should be suspended, but previous_suspend_count is 0
[0528/165722.549:ERROR:process_info.cc(617)] range at 0xf664fff000, size 0x1000 fully unreadable
[0528/165722.663:ERROR:process_info.cc(617)] range at 0xf65ef02000, size 0x1788 fully unreadable
[0528/171357.484:ERROR:settings.cc(320)] Settings magic is not 1129342067
[0528/171357.543:ERROR:crash_report_database_win.cc(428)] unexpected header
[0528/172014.354:ERROR:crash_report_database_win.cc(428)] unexpected header
[0528/172657.602:ERROR:crash_report_database_win.cc(428)] unexpected header
[0528/174651.783:ERROR:crash_report_database_win.cc(428)] unexpected header
[0528/174730.097:ERROR:crash_report_database_win.cc(428)] unexpected header
[0528/175559.044:ERROR:crash_report_database_win.cc(428)] unexpected header
[0528/181046.353:ERROR:crash_report_database_win.cc(428)] unexpected header
[0528/183836.135:ERROR:crash_report_database_win.cc(428)] unexpected header
[0528/184230.378:ERROR:crash_report_database_win.cc(428)] unexpected header
[0528/184659.214:ERROR:crash_report_database_win.cc(428)] unexpected header
[0528/185002.327:ERROR:crash_report_database_win.cc(428)] unexpected header
[0528/185337.601:ERROR:crash_report_database_win.cc(428)] unexpected header
[0528/185742.813:ERROR:crash_report_database_win.cc(428)] unexpected header
[0528/191057.393:ERROR:crash_report_database_win.cc(428)] unexpected header
[0528/191136.107:ERROR:crash_report_database_win.cc(428)] unexpected header
[0528/191849.419:ERROR:crash_report_database_win.cc(428)] unexpected header
[0528/193432.969:ERROR:crash_report_database_win.cc(428)] unexpected header
[0528/194100.451:ERROR:crash_report_database_win.cc(428)] unexpected header
[0528/194247.270:ERROR:crash_report_database_win.cc(428)] unexpected header
[0528/194611.126:ERROR:crash_report_database_win.cc(428)] unexpected header
[0528/200306.961:ERROR:crash_report_database_win.cc(428)] unexpected header
[0528/200910.824:ERROR:crash_report_database_win.cc(428)] unexpected header
[0528/200929.472:ERROR:crash_report_database_win.cc(428)] unexpected header
[0528/201118.947:ERROR:crash_report_database_win.cc(428)] unexpected header
[0528/201332.924:ERROR:crash_report_database_win.cc(428)] unexpected header
[0528/201558.281:ERROR:crash_report_database_win.cc(428)] unexpected header
[0528/201710.897:ERROR:crash_report_database_win.cc(428)] unexpected header
[0528/201934.646:ERROR:crash_report_database_win.cc(428)] unexpected header
[0528/202308.390:ERROR:crash_report_database_win.cc(428)] unexpected header
[0528/202421.751:ERROR:crash_report_database_win.cc(428)] unexpected header
[0528/202539.418:ERROR:crash_report_database_win.cc(428)] unexpected header
[0528/202744.960:ERROR:crash_report_database_win.cc(428)] unexpected header
[0528/203000.222:ERROR:crash_report_database_win.cc(428)] unexpected header
[0528/203534.911:ERROR:crash_report_database_win.cc(428)] unexpected header
[0528/203636.196:ERROR:crash_report_database_win.cc(428)] unexpected header
[0528/203740.536:ERROR:crash_report_database_win.cc(428)] unexpected header
[0528/204019.009:ERROR:crash_report_database_win.cc(428)] unexpected header
[0528/204217.419:ERROR:crash_report_database_win.cc(428)] unexpected header
[0528/205602.950:ERROR:crash_report_database_win.cc(428)] unexpected header
[0528/210130.541:ERROR:crash_report_database_win.cc(428)] unexpected header
[0528/210233.539:ERROR:crash_report_database_win.cc(428)] unexpected header
[0528/210333.762:ERROR:crash_report_database_win.cc(428)] unexpected header
[0528/210943.366:ERROR:crash_report_database_win.cc(428)] unexpected header
[0528/211159.160:ERROR:crash_report_database_win.cc(428)] unexpected header
[0528/211748.825:ERROR:crash_report_database_win.cc(428)] unexpected header
[0528/212148.281:ERROR:crash_report_database_win.cc(428)] unexpected header
[0528/212313.934:ERROR:crash_report_database_win.cc(428)] unexpected header
[0528/212556.591:ERROR:crash_report_database_win.cc(428)] unexpected header
[0528/212655.521:ERROR:crash_report_database_win.cc(428)] unexpected header
[0528/212927.815:ERROR:crash_report_database_win.cc(428)] unexpected header
[0528/214013.828:ERROR:crash_report_database_win.cc(428)] unexpected header
[0528/214130.695:ERROR:crash_report_database_win.cc(428)] unexpected header
[0528/214252.479:ERROR:crash_report_database_win.cc(428)] unexpected header
[0528/214440.517:ERROR:crash_report_database_win.cc(428)] unexpected header
[0528/214614.464:ERROR:crash_report_database_win.cc(428)] unexpected header
[0528/214848.002:ERROR:crash_report_database_win.cc(428)] unexpected header
[0528/214947.767:ERROR:crash_report_database_win.cc(428)] unexpected header
[0528/215039.120:ERROR:crash_report_database_win.cc(428)] unexpected header
[0528/215127.647:ERROR:crash_report_database_win.cc(428)] unexpected header
[0528/215337.477:ERROR:crash_report_database_win.cc(428)] unexpected header
[0528/215628.365:ERROR:crash_report_database_win.cc(428)] unexpected header
[0528/215907.215:ERROR:crash_report_database_win.cc(428)] unexpected header
[0528/220007.258:ERROR:crash_report_database_win.cc(428)] unexpected header
[0528/220153.415:ERROR:crash_report_database_win.cc(428)] unexpected header
[0528/220303.886:ERROR:crash_report_database_win.cc(428)] unexpected header
[0528/220407.926:ERROR:crash_report_database_win.cc(428)] unexpected header
[0528/220542.228:ERROR:crash_report_database_win.cc(428)] unexpected header
[0528/220650.471:ERROR:crash_report_database_win.cc(428)] unexpected header
[0528/221044.026:ERROR:crash_report_database_win.cc(428)] unexpected header
[0528/221142.095:ERROR:crash_report_database_win.cc(428)] unexpected header
[0528/221530.797:ERROR:crash_report_database_win.cc(428)] unexpected header
[0528/222530.801:ERROR:crash_report_database_win.cc(428)] unexpected header
[0528/222530.801:ERROR:crash_report_database_win.cc(428)] unexpected header
[0528/223134.057:ERROR:crash_report_database_win.cc(428)] unexpected header
[0528/223238.263:ERROR:crash_report_database_win.cc(428)] unexpected header
[0528/223514.189:ERROR:crash_report_database_win.cc(428)] unexpected header
[0528/223633.912:ERROR:crash_report_database_win.cc(428)] unexpected header
[0528/223725.124:ERROR:crash_report_database_win.cc(428)] unexpected header
[0528/223849.345:ERROR:crash_report_database_win.cc(428)] unexpected header
[0528/224103.147:ERROR:crash_report_database_win.cc(428)] unexpected header
[0528/224440.739:ERROR:crash_report_database_win.cc(428)] unexpected header
[0528/224527.307:ERROR:crash_report_database_win.cc(428)] unexpected header
[0528/224613.784:ERROR:crash_report_database_win.cc(428)] unexpected header
[0528/225910.038:ERROR:crash_report_database_win.cc(428)] unexpected header
[0528/225956.878:ERROR:crash_report_database_win.cc(428)] unexpected header
[0528/230237.312:ERROR:crash_report_database_win.cc(428)] unexpected header
[0528/230308.867:ERROR:crash_report_database_win.cc(428)] unexpected header
[0528/230917.020:ERROR:crash_report_database_win.cc(428)] unexpected header
[0528/231159.716:ERROR:crash_report_database_win.cc(428)] unexpected header
[0528/231344.303:ERROR:crash_report_database_win.cc(428)] unexpected header
[0528/231626.346:ERROR:crash_report_database_win.cc(428)] unexpected header
[0528/233912.922:ERROR:crash_report_database_win.cc(428)] unexpected header
[0529/000512.211:ERROR:crash_report_database_win.cc(428)] unexpected header
[0529/001321.543:ERROR:crash_report_database_win.cc(428)] unexpected header
[0529/082936.076:ERROR:crash_report_database_win.cc(428)] unexpected header
[0529/083240.079:ERROR:crash_report_database_win.cc(428)] unexpected header
[0529/083439.662:ERROR:crash_report_database_win.cc(428)] unexpected header
[0529/084006.449:ERROR:crash_report_database_win.cc(428)] unexpected header
[0529/084134.075:ERROR:crash_report_database_win.cc(428)] unexpected header
[0529/085004.008:ERROR:crash_report_database_win.cc(428)] unexpected header
[0529/085305.054:ERROR:crash_report_database_win.cc(428)] unexpected header
[0529/085611.486:ERROR:crash_report_database_win.cc(428)] unexpected header
[0529/085916.658:ERROR:crash_report_database_win.cc(428)] unexpected header
[0529/090516.653:ERROR:crash_report_database_win.cc(428)] unexpected header
[0529/091014.947:ERROR:crash_report_database_win.cc(428)] unexpected header
[0529/091136.976:ERROR:crash_report_database_win.cc(428)] unexpected header
[0529/091528.268:ERROR:crash_report_database_win.cc(428)] unexpected header
[0529/092528.272:ERROR:crash_report_database_win.cc(428)] unexpected header
[0529/092528.273:ERROR:crash_report_database_win.cc(428)] unexpected header
[0529/093028.269:ERROR:crash_report_database_win.cc(428)] unexpected header
[0529/094409.662:ERROR:crash_report_database_win.cc(428)] unexpected header
[0529/094526.339:ERROR:crash_report_database_win.cc(428)] unexpected header
[0529/104203.848:ERROR:crash_report_database_win.cc(428)] unexpected header
[0529/104418.025:ERROR:crash_report_database_win.cc(428)] unexpected header
[0529/104636.651:ERROR:crash_report_database_win.cc(428)] unexpected header
[0529/104904.961:ERROR:crash_report_database_win.cc(428)] unexpected header
[0529/105158.357:ERROR:crash_report_database_win.cc(428)] unexpected header
[0529/105216.385:ERROR:crash_report_database_win.cc(428)] unexpected header
[0529/105503.597:ERROR:crash_report_database_win.cc(428)] unexpected header
[0529/105831.536:ERROR:crash_report_database_win.cc(428)] unexpected header
[0529/105856.637:ERROR:crash_report_database_win.cc(428)] unexpected header
[0529/110150.982:ERROR:crash_report_database_win.cc(428)] unexpected header
[0529/110409.204:ERROR:crash_report_database_win.cc(428)] unexpected header
[0529/110603.406:ERROR:crash_report_database_win.cc(428)] unexpected header
[0529/110716.445:ERROR:crash_report_database_win.cc(428)] unexpected header
[0529/111018.340:ERROR:crash_report_database_win.cc(428)] unexpected header
[0529/111353.054:ERROR:crash_report_database_win.cc(428)] unexpected header
[0529/111446.940:ERROR:crash_report_database_win.cc(428)] unexpected header
[0529/111714.671:ERROR:crash_report_database_win.cc(428)] unexpected header
[0529/112005.810:ERROR:crash_report_database_win.cc(428)] unexpected header
[0529/112252.038:ERROR:crash_report_database_win.cc(428)] unexpected header
[0529/112532.199:ERROR:crash_report_database_win.cc(428)] unexpected header
[0529/113057.469:ERROR:crash_report_database_win.cc(428)] unexpected header
[0529/113255.083:ERROR:crash_report_database_win.cc(428)] unexpected header
[0529/114007.578:ERROR:crash_report_database_win.cc(428)] unexpected header
[0529/114017.690:ERROR:crash_report_database_win.cc(428)] unexpected header
[0529/114200.987:ERROR:crash_report_database_win.cc(428)] unexpected header
[0529/114322.959:ERROR:crash_report_database_win.cc(428)] unexpected header
[0529/114544.100:ERROR:crash_report_database_win.cc(428)] unexpected header
[0529/114644.045:ERROR:crash_report_database_win.cc(428)] unexpected header
[0529/114829.180:ERROR:crash_report_database_win.cc(428)] unexpected header
[0529/114910.849:ERROR:crash_report_database_win.cc(428)] unexpected header
[0529/115824.183:ERROR:crash_report_database_win.cc(428)] unexpected header
[0529/120146.482:ERROR:crash_report_database_win.cc(428)] unexpected header
[0529/120243.725:ERROR:crash_report_database_win.cc(428)] unexpected header
[0529/120652.940:ERROR:crash_report_database_win.cc(428)] unexpected header
[0529/120752.913:ERROR:crash_report_database_win.cc(428)] unexpected header
[0529/120903.568:ERROR:crash_report_database_win.cc(428)] unexpected header
[0529/121758.978:ERROR:crash_report_database_win.cc(428)] unexpected header
[0529/124852.611:ERROR:crash_report_database_win.cc(428)] unexpected header
[0529/125045.649:ERROR:crash_report_database_win.cc(428)] unexpected header
[0529/125250.221:ERROR:crash_report_database_win.cc(428)] unexpected header
[0529/125442.292:ERROR:crash_report_database_win.cc(428)] unexpected header
[0529/125631.175:ERROR:crash_report_database_win.cc(428)] unexpected header
[0529/125815.367:ERROR:crash_report_database_win.cc(428)] unexpected header
[0529/130405.146:ERROR:crash_report_database_win.cc(428)] unexpected header
[0529/131746.169:ERROR:crash_report_database_win.cc(428)] unexpected header
[0529/131847.917:ERROR:crash_report_database_win.cc(428)] unexpected header
[0529/131955.748:ERROR:crash_report_database_win.cc(428)] unexpected header
[0529/132221.867:ERROR:crash_report_database_win.cc(428)] unexpected header
[0529/132312.977:ERROR:crash_report_database_win.cc(428)] unexpected header
[0529/133312.983:ERROR:crash_report_database_win.cc(428)] unexpected header
[0529/133312.984:ERROR:crash_report_database_win.cc(428)] unexpected header
[0529/133812.979:ERROR:crash_report_database_win.cc(428)] unexpected header
[0529/135403.798:ERROR:crash_report_database_win.cc(428)] unexpected header
[0529/135539.103:ERROR:crash_report_database_win.cc(428)] unexpected header
[0529/140135.709:ERROR:crash_report_database_win.cc(428)] unexpected header
[0529/140307.506:ERROR:crash_report_database_win.cc(428)] unexpected header
[0529/140423.192:ERROR:crash_report_database_win.cc(428)] unexpected header
[0529/140748.626:ERROR:crash_report_database_win.cc(428)] unexpected header
[0529/141046.412:ERROR:crash_report_database_win.cc(428)] unexpected header
[0529/141228.888:ERROR:crash_report_database_win.cc(428)] unexpected header
[0529/141538.071:ERROR:crash_report_database_win.cc(428)] unexpected header
[0529/142904.650:ERROR:crash_report_database_win.cc(428)] unexpected header
[0529/143016.199:ERROR:crash_report_database_win.cc(428)] unexpected header
[0529/143112.259:ERROR:crash_report_database_win.cc(428)] unexpected header
[0529/143154.105:ERROR:crash_report_database_win.cc(428)] unexpected header
[0529/143219.486:ERROR:crash_report_database_win.cc(428)] unexpected header
[0529/143547.990:ERROR:crash_report_database_win.cc(428)] unexpected header
[0529/143703.223:ERROR:crash_report_database_win.cc(428)] unexpected header
[0529/143910.780:ERROR:crash_report_database_win.cc(428)] unexpected header
[0529/144015.226:ERROR:crash_report_database_win.cc(428)] unexpected header
[0529/144256.764:ERROR:crash_report_database_win.cc(428)] unexpected header
[0529/144902.396:ERROR:crash_report_database_win.cc(428)] unexpected header
[0529/145325.025:ERROR:crash_report_database_win.cc(428)] unexpected header
[0529/145403.135:ERROR:crash_report_database_win.cc(428)] unexpected header
[0529/145602.893:ERROR:crash_report_database_win.cc(428)] unexpected header
[0529/150248.721:ERROR:crash_report_database_win.cc(428)] unexpected header
[0529/150658.439:ERROR:crash_report_database_win.cc(428)] unexpected header
[0529/150823.063:ERROR:crash_report_database_win.cc(428)] unexpected header
[0529/151434.583:ERROR:crash_report_database_win.cc(428)] unexpected header
[0529/151552.758:ERROR:crash_report_database_win.cc(428)] unexpected header
[0529/151729.230:ERROR:crash_report_database_win.cc(428)] unexpected header
[0529/152048.918:ERROR:crash_report_database_win.cc(428)] unexpected header
[0529/152832.375:ERROR:crash_report_database_win.cc(428)] unexpected header
[0529/155007.564:ERROR:crash_report_database_win.cc(428)] unexpected header
[0529/155644.480:ERROR:crash_report_database_win.cc(428)] unexpected header
[0529/160428.493:ERROR:crash_report_database_win.cc(428)] unexpected header
[0529/165107.736:ERROR:crash_report_database_win.cc(428)] unexpected header
[0529/170209.229:ERROR:crash_report_database_win.cc(428)] unexpected header
[0529/171209.235:ERROR:crash_report_database_win.cc(428)] unexpected header
[0529/171209.310:ERROR:crash_report_database_win.cc(428)] unexpected header
[0529/171456.466:ERROR:crash_report_database_win.cc(428)] unexpected header
[0529/172258.535:ERROR:crash_report_database_win.cc(428)] unexpected header
[0529/172416.326:ERROR:crash_report_database_win.cc(428)] unexpected header
[0529/175136.822:ERROR:crash_report_database_win.cc(428)] unexpected header
[0529/180125.325:ERROR:crash_report_database_win.cc(428)] unexpected header
[0529/180217.126:ERROR:crash_report_database_win.cc(428)] unexpected header
[0529/180525.592:ERROR:crash_report_database_win.cc(428)] unexpected header
[0529/182245.091:ERROR:crash_report_database_win.cc(428)] unexpected header
[0529/184516.820:ERROR:crash_report_database_win.cc(428)] unexpected header
[0529/185520.645:ERROR:crash_report_database_win.cc(428)] unexpected header
[0529/185533.588:ERROR:crash_report_database_win.cc(428)] unexpected header
[0529/190017.684:ERROR:crash_report_database_win.cc(428)] unexpected header
[0529/191525.450:ERROR:crash_report_database_win.cc(428)] unexpected header
[0529/192527.732:ERROR:crash_report_database_win.cc(428)] unexpected header
[0529/192529.111:ERROR:crash_report_database_win.cc(428)] unexpected header
[0529/193025.672:ERROR:crash_report_database_win.cc(428)] unexpected header
[0529/193826.033:ERROR:crash_report_database_win.cc(428)] unexpected header
[0529/194122.784:ERROR:crash_report_database_win.cc(428)] unexpected header
[0529/211243.763:ERROR:settings.cc(320)] Settings magic is not 1129342067
[0529/211244.207:ERROR:crash_report_database_win.cc(428)] unexpected header
[0529/211449.532:ERROR:crash_report_database_win.cc(428)] unexpected header
[0529/211753.445:ERROR:crash_report_database_win.cc(428)] unexpected header
[0529/211927.348:ERROR:crash_report_database_win.cc(428)] unexpected header
[0529/212029.822:ERROR:crash_report_database_win.cc(428)] unexpected header
[0529/212150.871:ERROR:crash_report_database_win.cc(428)] unexpected header
[0529/212219.088:ERROR:crash_report_database_win.cc(428)] unexpected header
[0529/212302.194:ERROR:crash_report_database_win.cc(428)] unexpected header
[0529/212351.473:ERROR:crash_report_database_win.cc(428)] unexpected header
[0529/212616.237:ERROR:crash_report_database_win.cc(428)] unexpected header
[0529/212715.678:ERROR:crash_report_database_win.cc(428)] unexpected header
[0529/212754.328:ERROR:crash_report_database_win.cc(428)] unexpected header
[0529/212958.417:ERROR:crash_report_database_win.cc(428)] unexpected header
[0529/213238.545:ERROR:crash_report_database_win.cc(428)] unexpected header
[0529/213410.028:ERROR:crash_report_database_win.cc(428)] unexpected header
[0529/213501.351:ERROR:crash_report_database_win.cc(428)] unexpected header
[0529/214352.504:ERROR:crash_report_database_win.cc(428)] unexpected header
[0529/214634.048:ERROR:crash_report_database_win.cc(428)] unexpected header
[0529/215138.160:ERROR:crash_report_database_win.cc(428)] unexpected header
[0529/215639.937:ERROR:crash_report_database_win.cc(428)] unexpected header
[0529/215945.100:ERROR:crash_report_database_win.cc(428)] unexpected header
[0529/220317.272:ERROR:crash_report_database_win.cc(428)] unexpected header
[0529/221819.450:ERROR:crash_report_database_win.cc(428)] unexpected header
[0529/222037.452:ERROR:crash_report_database_win.cc(428)] unexpected header
[0529/222221.187:ERROR:crash_report_database_win.cc(428)] unexpected header
[0529/222255.748:ERROR:crash_report_database_win.cc(428)] unexpected header
[0529/222408.191:ERROR:crash_report_database_win.cc(428)] unexpected header
[0529/223408.200:ERROR:crash_report_database_win.cc(428)] unexpected header
[0529/223408.200:ERROR:crash_report_database_win.cc(428)] unexpected header
[0529/223506.060:ERROR:crash_report_database_win.cc(428)] unexpected header
[0529/223714.340:ERROR:crash_report_database_win.cc(428)] unexpected header
[0529/224220.688:ERROR:crash_report_database_win.cc(428)] unexpected header
[0529/224322.907:ERROR:crash_report_database_win.cc(428)] unexpected header
[0529/224407.999:ERROR:crash_report_database_win.cc(428)] unexpected header
[0529/224537.743:ERROR:crash_report_database_win.cc(428)] unexpected header
[0529/224709.812:ERROR:crash_report_database_win.cc(428)] unexpected header
[0529/225317.215:ERROR:crash_report_database_win.cc(428)] unexpected header
[0529/225433.561:ERROR:crash_report_database_win.cc(428)] unexpected header
[0529/225714.135:ERROR:crash_report_database_win.cc(428)] unexpected header
[0529/230219.402:ERROR:crash_report_database_win.cc(428)] unexpected header
[0529/230330.669:ERROR:crash_report_database_win.cc(428)] unexpected header
[0529/230801.244:ERROR:crash_report_database_win.cc(428)] unexpected header
[0529/231431.125:ERROR:crash_report_database_win.cc(428)] unexpected header
[0529/231821.400:ERROR:crash_report_database_win.cc(428)] unexpected header
[0529/232218.986:ERROR:crash_report_database_win.cc(428)] unexpected header
[0529/232347.313:ERROR:crash_report_database_win.cc(428)] unexpected header
[0529/232513.947:ERROR:crash_report_database_win.cc(428)] unexpected header
[0529/232738.324:ERROR:crash_report_database_win.cc(428)] unexpected header
[0529/233201.703:ERROR:crash_report_database_win.cc(428)] unexpected header
[0529/233330.594:ERROR:crash_report_database_win.cc(428)] unexpected header
[0529/233730.728:ERROR:crash_report_database_win.cc(428)] unexpected header
[0529/234039.456:ERROR:crash_report_database_win.cc(428)] unexpected header
[0529/234227.600:ERROR:crash_report_database_win.cc(428)] unexpected header
[0529/234318.804:ERROR:crash_report_database_win.cc(428)] unexpected header
[0529/234411.688:ERROR:crash_report_database_win.cc(428)] unexpected header
[0529/235014.774:ERROR:crash_report_database_win.cc(428)] unexpected header
[0529/235114.555:ERROR:crash_report_database_win.cc(428)] unexpected header
[0529/235313.466:ERROR:crash_report_database_win.cc(428)] unexpected header
[0529/235532.887:ERROR:crash_report_database_win.cc(428)] unexpected header
[0529/235638.728:ERROR:crash_report_database_win.cc(428)] unexpected header
[0529/235746.179:ERROR:crash_report_database_win.cc(428)] unexpected header
[0530/000053.016:ERROR:crash_report_database_win.cc(428)] unexpected header
[0530/000321.716:ERROR:crash_report_database_win.cc(428)] unexpected header
[0530/001001.047:ERROR:crash_report_database_win.cc(428)] unexpected header
[0530/001109.330:ERROR:crash_report_database_win.cc(428)] unexpected header
[0530/001847.515:ERROR:crash_report_database_win.cc(428)] unexpected header
[0530/001953.431:ERROR:crash_report_database_win.cc(428)] unexpected header
[0530/002031.480:ERROR:crash_report_database_win.cc(428)] unexpected header
[0530/002359.516:ERROR:crash_report_database_win.cc(428)] unexpected header
[0530/003359.518:ERROR:crash_report_database_win.cc(428)] unexpected header
[0530/003359.519:ERROR:crash_report_database_win.cc(428)] unexpected header
[0530/003859.518:ERROR:crash_report_database_win.cc(428)] unexpected header
[0530/004556.865:ERROR:crash_report_database_win.cc(428)] unexpected header
[0530/005556.864:ERROR:crash_report_database_win.cc(428)] unexpected header
[0530/005556.864:ERROR:crash_report_database_win.cc(428)] unexpected header
[0530/010056.865:ERROR:crash_report_database_win.cc(428)] unexpected header
[0530/011556.867:ERROR:crash_report_database_win.cc(428)] unexpected header
[0530/012255.104:ERROR:crash_report_database_win.cc(428)] unexpected header
[0530/012409.754:ERROR:crash_report_database_win.cc(428)] unexpected header
[0530/012436.436:ERROR:crash_report_database_win.cc(428)] unexpected header
[0530/012457.888:ERROR:crash_report_database_win.cc(428)] unexpected header
[0530/143728.910:ERROR:crash_report_database_win.cc(428)] unexpected header
[0530/154409.888:ERROR:crash_report_database_win.cc(428)] unexpected header
[0530/154437.118:ERROR:crash_report_database_win.cc(428)] unexpected header
[0530/154752.790:ERROR:crash_report_database_win.cc(428)] unexpected header
[0530/154823.442:ERROR:crash_report_database_win.cc(428)] unexpected header
[0530/154933.867:ERROR:crash_report_database_win.cc(428)] unexpected header
[0530/155039.045:ERROR:crash_report_database_win.cc(428)] unexpected header
[0530/155206.783:ERROR:crash_report_database_win.cc(428)] unexpected header
[0530/160151.128:ERROR:crash_report_database_win.cc(428)] unexpected header
[0530/160534.087:ERROR:crash_report_database_win.cc(428)] unexpected header
[0530/161029.226:ERROR:crash_report_database_win.cc(428)] unexpected header
[0530/161136.490:ERROR:crash_report_database_win.cc(428)] unexpected header
[0530/161301.731:ERROR:crash_report_database_win.cc(428)] unexpected header
[0530/161403.515:ERROR:crash_report_database_win.cc(428)] unexpected header
[0530/161445.798:ERROR:crash_report_database_win.cc(428)] unexpected header
[0530/161528.302:ERROR:crash_report_database_win.cc(428)] unexpected header
[0530/161850.166:ERROR:crash_report_database_win.cc(428)] unexpected header
[0530/161933.261:ERROR:crash_report_database_win.cc(428)] unexpected header
[0530/162146.140:ERROR:crash_report_database_win.cc(428)] unexpected header
[0530/162321.454:ERROR:crash_report_database_win.cc(428)] unexpected header
[0530/162603.595:ERROR:crash_report_database_win.cc(428)] unexpected header
[0530/162651.218:ERROR:crash_report_database_win.cc(428)] unexpected header
[0530/162812.174:ERROR:crash_report_database_win.cc(428)] unexpected header
[0530/162932.750:ERROR:crash_report_database_win.cc(428)] unexpected header
[0530/163020.302:ERROR:crash_report_database_win.cc(428)] unexpected header
[0530/163241.062:ERROR:crash_report_database_win.cc(428)] unexpected header
[0530/163345.035:ERROR:crash_report_database_win.cc(428)] unexpected header
[0530/163415.743:ERROR:crash_report_database_win.cc(428)] unexpected header
[0530/163445.831:ERROR:crash_report_database_win.cc(428)] unexpected header
[0530/163545.786:ERROR:crash_report_database_win.cc(428)] unexpected header
[0530/163712.779:ERROR:crash_report_database_win.cc(428)] unexpected header
[0530/163818.199:ERROR:crash_report_database_win.cc(428)] unexpected header
[0530/164923.022:ERROR:crash_report_database_win.cc(428)] unexpected header
[0530/165037.074:ERROR:crash_report_database_win.cc(428)] unexpected header
[0530/165340.171:ERROR:crash_report_database_win.cc(428)] unexpected header
[0530/165505.054:ERROR:crash_report_database_win.cc(428)] unexpected header
[0530/165602.840:ERROR:crash_report_database_win.cc(428)] unexpected header
[0530/165630.308:ERROR:crash_report_database_win.cc(428)] unexpected header
[0530/165828.172:ERROR:crash_report_database_win.cc(428)] unexpected header
[0530/171051.627:ERROR:crash_report_database_win.cc(428)] unexpected header
[0530/171330.469:ERROR:crash_report_database_win.cc(428)] unexpected header
[0530/171440.219:ERROR:crash_report_database_win.cc(428)] unexpected header
[0530/173535.181:ERROR:crash_report_database_win.cc(428)] unexpected header
[0530/173627.381:ERROR:crash_report_database_win.cc(428)] unexpected header
[0530/174614.124:ERROR:crash_report_database_win.cc(428)] unexpected header
[0530/174724.247:ERROR:crash_report_database_win.cc(428)] unexpected header
[0530/205121.133:ERROR:crash_report_database_win.cc(428)] unexpected header
[0530/210010.859:ERROR:crash_report_database_win.cc(428)] unexpected header
[0530/210121.379:ERROR:crash_report_database_win.cc(428)] unexpected header
[0530/211705.160:ERROR:crash_report_database_win.cc(428)] unexpected header
[0530/211843.447:ERROR:crash_report_database_win.cc(428)] unexpected header
[0530/211929.089:ERROR:crash_report_database_win.cc(428)] unexpected header
[0530/212116.939:ERROR:crash_report_database_win.cc(428)] unexpected header
[0530/212202.782:ERROR:crash_report_database_win.cc(428)] unexpected header
[0530/212306.136:ERROR:crash_report_database_win.cc(428)] unexpected header
[0530/212910.365:ERROR:crash_report_database_win.cc(428)] unexpected header
[0530/213023.456:ERROR:crash_report_database_win.cc(428)] unexpected header
[0530/213107.149:ERROR:crash_report_database_win.cc(428)] unexpected header
[0530/213201.150:ERROR:crash_report_database_win.cc(428)] unexpected header
[0530/213616.923:ERROR:crash_report_database_win.cc(428)] unexpected header
[0530/213723.463:ERROR:crash_report_database_win.cc(428)] unexpected header
[0530/214015.865:ERROR:crash_report_database_win.cc(428)] unexpected header
[0530/214146.552:ERROR:crash_report_database_win.cc(428)] unexpected header
[0530/224539.495:ERROR:crash_report_database_win.cc(428)] unexpected header
[0530/224652.975:ERROR:crash_report_database_win.cc(428)] unexpected header
[0530/224834.550:ERROR:crash_report_database_win.cc(428)] unexpected header
[0530/225059.281:ERROR:crash_report_database_win.cc(428)] unexpected header
[0530/225412.009:ERROR:crash_report_database_win.cc(428)] unexpected header
[0530/225614.961:ERROR:crash_report_database_win.cc(428)] unexpected header
[0530/230640.239:ERROR:crash_report_database_win.cc(428)] unexpected header
[0530/233106.327:ERROR:crash_report_database_win.cc(428)] unexpected header
[0530/233812.704:ERROR:crash_report_database_win.cc(428)] unexpected header
[0531/215943.735:ERROR:crash_report_database_win.cc(428)] unexpected header
[0531/220106.054:ERROR:crash_report_database_win.cc(428)] unexpected header
[0531/220915.498:ERROR:crash_report_database_win.cc(428)] unexpected header
[0531/221020.818:ERROR:crash_report_database_win.cc(428)] unexpected header
[0531/221510.357:ERROR:crash_report_database_win.cc(428)] unexpected header
[0531/223009.885:ERROR:crash_report_database_win.cc(428)] unexpected header
[0531/225406.344:ERROR:crash_report_database_win.cc(428)] unexpected header
[0531/225540.521:ERROR:crash_report_database_win.cc(428)] unexpected header
[0531/225729.308:ERROR:crash_report_database_win.cc(428)] unexpected header
[0531/230208.426:ERROR:crash_report_database_win.cc(428)] unexpected header
[0531/231035.756:ERROR:crash_report_database_win.cc(428)] unexpected header
[0531/231107.011:ERROR:crash_report_database_win.cc(428)] unexpected header
[0531/231518.303:ERROR:crash_report_database_win.cc(428)] unexpected header
[0531/231631.870:ERROR:crash_report_database_win.cc(428)] unexpected header
[0531/231755.301:ERROR:crash_report_database_win.cc(428)] unexpected header
[0531/232500.107:ERROR:crash_report_database_win.cc(428)] unexpected header
[0531/233500.098:ERROR:crash_report_database_win.cc(428)] unexpected header
[0531/233500.098:ERROR:crash_report_database_win.cc(428)] unexpected header
[0531/234134.173:ERROR:crash_report_database_win.cc(428)] unexpected header
[0601/211143.677:ERROR:crash_report_database_win.cc(428)] unexpected header
[0601/211930.486:ERROR:crash_report_database_win.cc(428)] unexpected header
[0601/212301.407:ERROR:crash_report_database_win.cc(428)] unexpected header
[0601/213301.408:ERROR:crash_report_database_win.cc(428)] unexpected header
[0601/213301.408:ERROR:crash_report_database_win.cc(428)] unexpected header
[0601/213435.702:ERROR:crash_report_database_win.cc(428)] unexpected header
[0601/213810.439:ERROR:crash_report_database_win.cc(428)] unexpected header
[0601/214046.962:ERROR:crash_report_database_win.cc(428)] unexpected header
[0601/214919.133:ERROR:crash_report_database_win.cc(428)] unexpected header
[0601/215020.131:ERROR:crash_report_database_win.cc(428)] unexpected header
[0601/215122.634:ERROR:crash_report_database_win.cc(428)] unexpected header
[0601/215335.415:ERROR:crash_report_database_win.cc(428)] unexpected header
[0601/215830.752:ERROR:crash_report_database_win.cc(428)] unexpected header
[0601/220227.003:ERROR:crash_report_database_win.cc(428)] unexpected header
[0601/220818.878:ERROR:crash_report_database_win.cc(428)] unexpected header
[0601/221134.950:ERROR:crash_report_database_win.cc(428)] unexpected header
[0601/221628.523:ERROR:crash_report_database_win.cc(428)] unexpected header
[0601/224635.514:ERROR:crash_report_database_win.cc(428)] unexpected header
[0601/224828.426:ERROR:crash_report_database_win.cc(428)] unexpected header
[0601/224948.823:ERROR:crash_report_database_win.cc(428)] unexpected header
[0601/225148.634:ERROR:crash_report_database_win.cc(428)] unexpected header
[0601/231216.161:ERROR:crash_report_database_win.cc(428)] unexpected header
[0601/232330.989:ERROR:crash_report_database_win.cc(428)] unexpected header
[0601/234307.108:ERROR:crash_report_database_win.cc(428)] unexpected header
[0602/000041.380:ERROR:crash_report_database_win.cc(428)] unexpected header
[0602/001041.379:ERROR:crash_report_database_win.cc(428)] unexpected header
[0602/001041.379:ERROR:crash_report_database_win.cc(428)] unexpected header
[0602/001541.381:ERROR:crash_report_database_win.cc(428)] unexpected header
[0602/003041.383:ERROR:crash_report_database_win.cc(428)] unexpected header
[0602/004541.385:ERROR:crash_report_database_win.cc(428)] unexpected header
[0602/010041.386:ERROR:crash_report_database_win.cc(428)] unexpected header
[0602/011350.543:ERROR:crash_report_database_win.cc(428)] unexpected header
[0602/011418.522:ERROR:crash_report_database_win.cc(428)] unexpected header
[0602/012418.529:ERROR:crash_report_database_win.cc(428)] unexpected header
[0602/012418.530:ERROR:crash_report_database_win.cc(428)] unexpected header
[0602/012918.525:ERROR:crash_report_database_win.cc(428)] unexpected header
[0602/014418.528:ERROR:crash_report_database_win.cc(428)] unexpected header
[0602/015147.122:ERROR:crash_report_database_win.cc(428)] unexpected header
[0602/015449.565:ERROR:crash_report_database_win.cc(428)] unexpected header
[0602/015809.301:ERROR:crash_report_database_win.cc(428)] unexpected header
[0602/020129.189:ERROR:crash_report_database_win.cc(428)] unexpected header
[0602/020520.266:ERROR:crash_report_database_win.cc(428)] unexpected header
[0602/020624.479:ERROR:crash_report_database_win.cc(428)] unexpected header
[0602/020929.601:ERROR:crash_report_database_win.cc(428)] unexpected header
[0602/022156.064:ERROR:crash_report_database_win.cc(428)] unexpected header
[0602/023156.064:ERROR:crash_report_database_win.cc(428)] unexpected header
[0602/023156.064:ERROR:crash_report_database_win.cc(428)] unexpected header
[0602/023645.419:ERROR:crash_report_database_win.cc(428)] unexpected header
[0602/023914.575:ERROR:crash_report_database_win.cc(428)] unexpected header
[0602/024914.581:ERROR:crash_report_database_win.cc(428)] unexpected header
[0602/024914.582:ERROR:crash_report_database_win.cc(428)] unexpected header
[0602/025414.590:ERROR:crash_report_database_win.cc(428)] unexpected header
[0602/030914.594:ERROR:crash_report_database_win.cc(428)] unexpected header
[0602/032414.608:ERROR:crash_report_database_win.cc(428)] unexpected header
[0602/033914.631:ERROR:crash_report_database_win.cc(428)] unexpected header
[0602/125922.456:ERROR:crash_report_database_win.cc(428)] unexpected header
[0602/130922.460:ERROR:crash_report_database_win.cc(428)] unexpected header
[0602/130922.460:ERROR:crash_report_database_win.cc(428)] unexpected header
[0602/131422.900:ERROR:crash_report_database_win.cc(428)] unexpected header
[0602/132958.407:ERROR:crash_report_database_win.cc(428)] unexpected header
[0602/133446.994:ERROR:crash_report_database_win.cc(428)] unexpected header
[0602/133612.071:ERROR:crash_report_database_win.cc(428)] unexpected header
[0602/133755.577:ERROR:crash_report_database_win.cc(428)] unexpected header
[0602/134308.255:ERROR:crash_report_database_win.cc(428)] unexpected header
[0602/134345.520:ERROR:crash_report_database_win.cc(428)] unexpected header
[0602/134657.892:ERROR:crash_report_database_win.cc(428)] unexpected header
[0602/134816.204:ERROR:crash_report_database_win.cc(428)] unexpected header
[0603/002425.205:ERROR:crash_report_database_win.cc(428)] unexpected header
[0603/002519.864:ERROR:crash_report_database_win.cc(428)] unexpected header
[0603/004351.469:ERROR:crash_report_database_win.cc(428)] unexpected header
[0603/004515.417:ERROR:crash_report_database_win.cc(428)] unexpected header
[0603/010028.653:ERROR:crash_report_database_win.cc(428)] unexpected header
[0603/010101.959:ERROR:crash_report_database_win.cc(428)] unexpected header
[0603/010125.101:ERROR:crash_report_database_win.cc(428)] unexpected header
[0603/010615.536:ERROR:crash_report_database_win.cc(428)] unexpected header
[0603/011419.119:ERROR:crash_report_database_win.cc(428)] unexpected header
[0603/011607.181:ERROR:crash_report_database_win.cc(428)] unexpected header
[0603/011946.583:ERROR:crash_report_database_win.cc(428)] unexpected header
[0603/123742.437:ERROR:crash_report_database_win.cc(428)] unexpected header
[0603/124742.442:ERROR:crash_report_database_win.cc(428)] unexpected header
[0603/124742.443:ERROR:crash_report_database_win.cc(428)] unexpected header
[0603/125243.207:ERROR:crash_report_database_win.cc(428)] unexpected header
[0603/130355.790:ERROR:crash_report_database_win.cc(428)] unexpected header
[0603/131207.496:ERROR:crash_report_database_win.cc(428)] unexpected header
[0603/132200.882:ERROR:crash_report_database_win.cc(428)] unexpected header
[0603/133010.028:ERROR:crash_report_database_win.cc(428)] unexpected header
[0603/134010.029:ERROR:crash_report_database_win.cc(428)] unexpected header
[0603/134010.046:ERROR:crash_report_database_win.cc(428)] unexpected header
[0603/134510.030:ERROR:crash_report_database_win.cc(428)] unexpected header
[0603/135408.505:ERROR:crash_report_database_win.cc(428)] unexpected header
[0603/140315.641:ERROR:crash_report_database_win.cc(428)] unexpected header
[0603/140613.739:ERROR:crash_report_database_win.cc(428)] unexpected header
[0603/140738.241:ERROR:crash_report_database_win.cc(428)] unexpected header
[0603/140852.553:ERROR:crash_report_database_win.cc(428)] unexpected header
[0603/141317.480:ERROR:crash_report_database_win.cc(428)] unexpected header
[0603/141436.771:ERROR:crash_report_database_win.cc(428)] unexpected header
[0603/142621.037:ERROR:crash_report_database_win.cc(428)] unexpected header
[0603/142753.194:ERROR:crash_report_database_win.cc(428)] unexpected header
[0603/142834.578:ERROR:crash_report_database_win.cc(428)] unexpected header
[0603/142937.088:ERROR:crash_report_database_win.cc(428)] unexpected header
[0603/143120.190:ERROR:crash_report_database_win.cc(428)] unexpected header
[0603/143233.246:ERROR:crash_report_database_win.cc(428)] unexpected header
[0603/143647.583:ERROR:crash_report_database_win.cc(428)] unexpected header
[0603/143739.239:ERROR:crash_report_database_win.cc(428)] unexpected header
[0603/144348.452:ERROR:crash_report_database_win.cc(428)] unexpected header
[0603/145715.935:ERROR:crash_report_database_win.cc(428)] unexpected header
[0603/150318.418:ERROR:crash_report_database_win.cc(428)] unexpected header
[0603/151124.702:ERROR:crash_report_database_win.cc(428)] unexpected header
[0603/154204.141:ERROR:crash_report_database_win.cc(428)] unexpected header
[0603/154510.836:ERROR:crash_report_database_win.cc(428)] unexpected header
[0603/211849.230:ERROR:crash_report_database_win.cc(428)] unexpected header
[0603/215254.015:ERROR:crash_report_database_win.cc(428)] unexpected header
[0603/215336.155:ERROR:crash_report_database_win.cc(428)] unexpected header
[0603/215719.968:ERROR:crash_report_database_win.cc(428)] unexpected header
[0603/220848.088:ERROR:crash_report_database_win.cc(428)] unexpected header
[0603/222932.080:ERROR:crash_report_database_win.cc(428)] unexpected header
[0603/223746.587:ERROR:crash_report_database_win.cc(428)] unexpected header
[0603/224746.588:ERROR:crash_report_database_win.cc(428)] unexpected header
[0603/224746.589:ERROR:crash_report_database_win.cc(428)] unexpected header
[0603/225246.588:ERROR:crash_report_database_win.cc(428)] unexpected header
[0603/225844.241:ERROR:crash_report_database_win.cc(428)] unexpected header
[0603/230050.217:ERROR:crash_report_database_win.cc(428)] unexpected header
[0603/231646.491:ERROR:crash_report_database_win.cc(428)] unexpected header
[0603/232030.607:ERROR:crash_report_database_win.cc(428)] unexpected header
[0603/232416.929:ERROR:crash_report_database_win.cc(428)] unexpected header
[0604/000014.211:ERROR:crash_report_database_win.cc(428)] unexpected header
[0604/000919.636:ERROR:crash_report_database_win.cc(428)] unexpected header
[0604/001341.661:ERROR:crash_report_database_win.cc(428)] unexpected header
[0604/002341.672:ERROR:crash_report_database_win.cc(428)] unexpected header
[0604/002341.674:ERROR:crash_report_database_win.cc(428)] unexpected header
[0604/002841.663:ERROR:crash_report_database_win.cc(428)] unexpected header
[0604/092948.061:ERROR:crash_report_database_win.cc(428)] unexpected header
[0604/093434.662:ERROR:crash_report_database_win.cc(428)] unexpected header
[0604/093958.191:ERROR:crash_report_database_win.cc(428)] unexpected header
[0604/095416.929:ERROR:crash_report_database_win.cc(428)] unexpected header
[0604/112912.952:ERROR:crash_report_database_win.cc(428)] unexpected header
[0604/112912.953:ERROR:crash_report_database_win.cc(428)] unexpected header
[0604/113412.947:ERROR:crash_report_database_win.cc(428)] unexpected header
[0604/114912.948:ERROR:crash_report_database_win.cc(428)] unexpected header
[0604/120412.950:ERROR:crash_report_database_win.cc(428)] unexpected header
[0604/120824.169:ERROR:crash_report_database_win.cc(428)] unexpected header
[0604/120900.466:ERROR:crash_report_database_win.cc(428)] unexpected header
[0604/121141.524:ERROR:crash_report_database_win.cc(428)] unexpected header
